<?xml version="1.0" encoding="UTF-8"?>
<testng-results skipped="0" failed="2" ignored="0" total="8" passed="6">
  <reporter-output>
  </reporter-output>
  <suite name="Default suite" duration-ms="33009" started-at="2018-07-30T06:16:10Z" finished-at="2018-07-30T06:16:43Z">
    <groups>
      <group name="everything">
        <method signature="NewAndImprovedMercuryDriver.confirmHomePage()[pri:0, instance:com.revature.testng.NewAndImprovedMercuryDriver@4dfa3a9d]" name="confirmHomePage" class="com.revature.testng.NewAndImprovedMercuryDriver"/>
        <method signature="NewAndImprovedMercuryDriver.loginToMercury()[pri:0, instance:com.revature.testng.NewAndImprovedMercuryDriver@4dfa3a9d]" name="loginToMercury" class="com.revature.testng.NewAndImprovedMercuryDriver"/>
        <method signature="NewAndImprovedMercuryDriver.findFlights()[pri:0, instance:com.revature.testng.NewAndImprovedMercuryDriver@4dfa3a9d]" name="findFlights" class="com.revature.testng.NewAndImprovedMercuryDriver"/>
        <method signature="NewAndImprovedMercuryDriver.doEveryThing(java.lang.String, java.lang.String, double, double)[pri:0, instance:com.revature.testng.NewAndImprovedMercuryDriver@4dfa3a9d]" name="doEveryThing" class="com.revature.testng.NewAndImprovedMercuryDriver"/>
      </group> <!-- everything -->
      <group name="firstTest">
        <method signature="NewAndImprovedMercuryDriver.confirmHomePage()[pri:0, instance:com.revature.testng.NewAndImprovedMercuryDriver@4dfa3a9d]" name="confirmHomePage" class="com.revature.testng.NewAndImprovedMercuryDriver"/>
        <method signature="NewAndImprovedMercuryDriver.loginToMercury()[pri:0, instance:com.revature.testng.NewAndImprovedMercuryDriver@4dfa3a9d]" name="loginToMercury" class="com.revature.testng.NewAndImprovedMercuryDriver"/>
        <method signature="NewAndImprovedMercuryDriver.findFlights()[pri:0, instance:com.revature.testng.NewAndImprovedMercuryDriver@4dfa3a9d]" name="findFlights" class="com.revature.testng.NewAndImprovedMercuryDriver"/>
      </group> <!-- firstTest -->
    </groups>
    <test name="Default test" duration-ms="33009" started-at="2018-07-30T06:16:10Z" finished-at="2018-07-30T06:16:43Z">
      <class name="com.revature.testng.NewAndImprovedMercuryDriver">
        <test-method status="PASS" signature="setup()[pri:0, instance:com.revature.testng.NewAndImprovedMercuryDriver@4dfa3a9d]" name="setup" is-config="true" duration-ms="1948" started-at="2018-07-30T06:16:10Z" finished-at="2018-07-30T06:16:12Z">
          <reporter-output>
          </reporter-output>
        </test-method> <!-- setup -->
        <test-method status="PASS" signature="confirmHomePage()[pri:0, instance:com.revature.testng.NewAndImprovedMercuryDriver@4dfa3a9d]" name="confirmHomePage" duration-ms="17" started-at="2018-07-30T06:16:12Z" finished-at="2018-07-30T06:16:12Z">
          <reporter-output>
          </reporter-output>
        </test-method> <!-- confirmHomePage -->
        <test-method status="PASS" signature="loginToMercury()[pri:0, instance:com.revature.testng.NewAndImprovedMercuryDriver@4dfa3a9d]" name="loginToMercury" duration-ms="3390" started-at="2018-07-30T06:16:12Z" depends-on-methods="com.revature.testng.NewAndImprovedMercuryDriver.confirmHomePage" finished-at="2018-07-30T06:16:15Z">
          <reporter-output>
          </reporter-output>
        </test-method> <!-- loginToMercury -->
        <test-method status="PASS" signature="findFlights()[pri:0, instance:com.revature.testng.NewAndImprovedMercuryDriver@4dfa3a9d]" name="findFlights" duration-ms="4532" started-at="2018-07-30T06:16:15Z" depends-on-methods="com.revature.testng.NewAndImprovedMercuryDriver.loginToMercury" finished-at="2018-07-30T06:16:20Z">
          <reporter-output>
          </reporter-output>
        </test-method> <!-- findFlights -->
        <test-method status="FAIL" signature="doEveryThing(java.lang.String, java.lang.String, double, double)[pri:0, instance:com.revature.testng.NewAndImprovedMercuryDriver@4dfa3a9d]" name="doEveryThing" duration-ms="1900" started-at="2018-07-30T06:16:20Z" data-provider="mercData" depends-on-methods="com.revature.testng.NewAndImprovedMercuryDriver.findFlights" finished-at="2018-07-30T06:16:22Z">
          <params>
            <param index="0">
              <value>
                <![CDATA[username]]>
              </value>
            </param>
            <param index="1">
              <value>
                <![CDATA[password]]>
              </value>
            </param>
            <param index="2">
              <value>
                <![CDATA[1.0]]>
              </value>
            </param>
            <param index="3">
              <value>
                <![CDATA[1.0]]>
              </value>
            </param>
          </params>
          <exception class="java.lang.AssertionError">
            <message>
              <![CDATA[expected [Find a Flight: Mercury Tours:] but found [Sign-on: Mercury Tours]]]>
            </message>
            <full-stacktrace>
              <![CDATA[java.lang.AssertionError: expected [Find a Flight: Mercury Tours:] but found [Sign-on: Mercury Tours]
at org.testng.Assert.fail(Assert.java:96)
at org.testng.Assert.failNotEquals(Assert.java:776)
at org.testng.Assert.assertEqualsImpl(Assert.java:137)
at org.testng.Assert.assertEquals(Assert.java:118)
at org.testng.Assert.assertEquals(Assert.java:453)
at org.testng.Assert.assertEquals(Assert.java:463)
at com.revature.testng.NewAndImprovedMercuryDriver.doEveryThing(NewAndImprovedMercuryDriver.java:99)
at sun.reflect.NativeMethodAccessorImpl.invoke0(Native Method)
at sun.reflect.NativeMethodAccessorImpl.invoke(NativeMethodAccessorImpl.java:62)
at sun.reflect.DelegatingMethodAccessorImpl.invoke(DelegatingMethodAccessorImpl.java:43)
at java.lang.reflect.Method.invoke(Method.java:498)
at org.testng.internal.MethodInvocationHelper.invokeMethod(MethodInvocationHelper.java:124)
at org.testng.internal.Invoker.invokeMethod(Invoker.java:580)
at org.testng.internal.Invoker.invokeTestMethod(Invoker.java:716)
at org.testng.internal.Invoker.invokeTestMethods(Invoker.java:988)
at org.testng.internal.TestMethodWorker.invokeTestMethods(TestMethodWorker.java:125)
at org.testng.internal.TestMethodWorker.run(TestMethodWorker.java:109)
at org.testng.TestRunner.privateRun(TestRunner.java:648)
at org.testng.TestRunner.run(TestRunner.java:505)
at org.testng.SuiteRunner.runTest(SuiteRunner.java:455)
at org.testng.SuiteRunner.runSequentially(SuiteRunner.java:450)
at org.testng.SuiteRunner.privateRun(SuiteRunner.java:415)
at org.testng.SuiteRunner.run(SuiteRunner.java:364)
at org.testng.SuiteRunnerWorker.runSuite(SuiteRunnerWorker.java:52)
at org.testng.SuiteRunnerWorker.run(SuiteRunnerWorker.java:84)
at org.testng.TestNG.runSuitesSequentially(TestNG.java:1208)
at org.testng.TestNG.runSuitesLocally(TestNG.java:1137)
at org.testng.TestNG.runSuites(TestNG.java:1049)
at org.testng.TestNG.run(TestNG.java:1017)
at org.testng.remote.AbstractRemoteTestNG.run(AbstractRemoteTestNG.java:114)
at org.testng.remote.RemoteTestNG.initAndRun(RemoteTestNG.java:251)
at org.testng.remote.RemoteTestNG.main(RemoteTestNG.java:77)
]]>
            </full-stacktrace>
          </exception> <!-- java.lang.AssertionError -->
          <reporter-output>
          </reporter-output>
        </test-method> <!-- doEveryThing -->
        <test-method status="FAIL" signature="doEveryThing(java.lang.String, java.lang.String, double, double)[pri:0, instance:com.revature.testng.NewAndImprovedMercuryDriver@4dfa3a9d]" name="doEveryThing" duration-ms="6910" started-at="2018-07-30T06:16:22Z" data-provider="mercData" depends-on-methods="com.revature.testng.NewAndImprovedMercuryDriver.findFlights" finished-at="2018-07-30T06:16:29Z">
          <params>
            <param index="0">
              <value>
                <![CDATA[dogbert]]>
              </value>
            </param>
            <param index="1">
              <value>
                <![CDATA[dogbert]]>
              </value>
            </param>
            <param index="2">
              <value>
                <![CDATA[2.0]]>
              </value>
            </param>
            <param index="3">
              <value>
                <![CDATA[2.0]]>
              </value>
            </param>
          </params>
          <exception class="java.lang.IndexOutOfBoundsException">
            <message>
              <![CDATA[Index: 2, Size: 2]]>
            </message>
            <full-stacktrace>
              <![CDATA[java.lang.IndexOutOfBoundsException: Index: 2, Size: 2
at java.util.ArrayList.rangeCheck(ArrayList.java:657)
at java.util.ArrayList.get(ArrayList.java:433)
at sun.reflect.NativeMethodAccessorImpl.invoke0(Native Method)
at sun.reflect.NativeMethodAccessorImpl.invoke(NativeMethodAccessorImpl.java:62)
at sun.reflect.DelegatingMethodAccessorImpl.invoke(DelegatingMethodAccessorImpl.java:43)
at java.lang.reflect.Method.invoke(Method.java:498)
at org.openqa.selenium.support.pagefactory.internal.LocatingElementListHandler.invoke(LocatingElementListHandler.java:39)
at com.sun.proxy.$Proxy10.get(Unknown Source)
at com.revature.pages.MercuryFlightFinder.selectTripType(MercuryFlightFinder.java:45)
at com.revature.testng.NewAndImprovedMercuryDriver.doEveryThing(NewAndImprovedMercuryDriver.java:102)
at sun.reflect.NativeMethodAccessorImpl.invoke0(Native Method)
at sun.reflect.NativeMethodAccessorImpl.invoke(NativeMethodAccessorImpl.java:62)
at sun.reflect.DelegatingMethodAccessorImpl.invoke(DelegatingMethodAccessorImpl.java:43)
at java.lang.reflect.Method.invoke(Method.java:498)
at org.testng.internal.MethodInvocationHelper.invokeMethod(MethodInvocationHelper.java:124)
at org.testng.internal.Invoker.invokeMethod(Invoker.java:580)
at org.testng.internal.Invoker.invokeTestMethod(Invoker.java:716)
at org.testng.internal.Invoker.invokeTestMethods(Invoker.java:988)
at org.testng.internal.TestMethodWorker.invokeTestMethods(TestMethodWorker.java:125)
at org.testng.internal.TestMethodWorker.run(TestMethodWorker.java:109)
at org.testng.TestRunner.privateRun(TestRunner.java:648)
at org.testng.TestRunner.run(TestRunner.java:505)
at org.testng.SuiteRunner.runTest(SuiteRunner.java:455)
at org.testng.SuiteRunner.runSequentially(SuiteRunner.java:450)
at org.testng.SuiteRunner.privateRun(SuiteRunner.java:415)
at org.testng.SuiteRunner.run(SuiteRunner.java:364)
at org.testng.SuiteRunnerWorker.runSuite(SuiteRunnerWorker.java:52)
at org.testng.SuiteRunnerWorker.run(SuiteRunnerWorker.java:84)
at org.testng.TestNG.runSuitesSequentially(TestNG.java:1208)
at org.testng.TestNG.runSuitesLocally(TestNG.java:1137)
at org.testng.TestNG.runSuites(TestNG.java:1049)
at org.testng.TestNG.run(TestNG.java:1017)
at org.testng.remote.AbstractRemoteTestNG.run(AbstractRemoteTestNG.java:114)
at org.testng.remote.RemoteTestNG.initAndRun(RemoteTestNG.java:251)
at org.testng.remote.RemoteTestNG.main(RemoteTestNG.java:77)
]]>
            </full-stacktrace>
          </exception> <!-- java.lang.IndexOutOfBoundsException -->
          <reporter-output>
          </reporter-output>
        </test-method> <!-- doEveryThing -->
        <test-method status="PASS" signature="doEveryThing(java.lang.String, java.lang.String, double, double)[pri:0, instance:com.revature.testng.NewAndImprovedMercuryDriver@4dfa3a9d]" name="doEveryThing" duration-ms="4417" started-at="2018-07-30T06:16:29Z" data-provider="mercData" depends-on-methods="com.revature.testng.NewAndImprovedMercuryDriver.findFlights" finished-at="2018-07-30T06:16:33Z">
          <params>
            <param index="0">
              <value>
                <![CDATA[goodbye]]>
              </value>
            </param>
            <param index="1">
              <value>
                <![CDATA[hello]]>
              </value>
            </param>
            <param index="2">
              <value>
                <![CDATA[1.0]]>
              </value>
            </param>
            <param index="3">
              <value>
                <![CDATA[2.0]]>
              </value>
            </param>
          </params>
          <reporter-output>
          </reporter-output>
        </test-method> <!-- doEveryThing -->
        <test-method status="PASS" signature="doEveryThing(java.lang.String, java.lang.String, double, double)[pri:0, instance:com.revature.testng.NewAndImprovedMercuryDriver@4dfa3a9d]" name="doEveryThing" duration-ms="4378" started-at="2018-07-30T06:16:33Z" data-provider="mercData" depends-on-methods="com.revature.testng.NewAndImprovedMercuryDriver.findFlights" finished-at="2018-07-30T06:16:38Z">
          <params>
            <param index="0">
              <value>
                <![CDATA[ryanbob]]>
              </value>
            </param>
            <param index="1">
              <value>
                <![CDATA[bob]]>
              </value>
            </param>
            <param index="2">
              <value>
                <![CDATA[0.0]]>
              </value>
            </param>
            <param index="3">
              <value>
                <![CDATA[1.0]]>
              </value>
            </param>
          </params>
          <reporter-output>
          </reporter-output>
        </test-method> <!-- doEveryThing -->
        <test-method status="PASS" signature="doEveryThing(java.lang.String, java.lang.String, double, double)[pri:0, instance:com.revature.testng.NewAndImprovedMercuryDriver@4dfa3a9d]" name="doEveryThing" duration-ms="2353" started-at="2018-07-30T06:16:38Z" data-provider="mercData" depends-on-methods="com.revature.testng.NewAndImprovedMercuryDriver.findFlights" finished-at="2018-07-30T06:16:40Z">
          <params>
            <param index="0">
              <value>
                <![CDATA[tropicana]]>
              </value>
            </param>
            <param index="1">
              <value>
                <![CDATA[tropicana]]>
              </value>
            </param>
            <param index="2">
              <value>
                <![CDATA[1.0]]>
              </value>
            </param>
            <param index="3">
              <value>
                <![CDATA[1.0]]>
              </value>
            </param>
          </params>
          <reporter-output>
          </reporter-output>
        </test-method> <!-- doEveryThing -->
        <test-method status="PASS" signature="tearDown()[pri:0, instance:com.revature.testng.NewAndImprovedMercuryDriver@4dfa3a9d]" name="tearDown" is-config="true" duration-ms="2584" started-at="2018-07-30T06:16:40Z" finished-at="2018-07-30T06:16:43Z">
          <reporter-output>
          </reporter-output>
        </test-method> <!-- tearDown -->
      </class> <!-- com.revature.testng.NewAndImprovedMercuryDriver -->
    </test> <!-- Default test -->
  </suite> <!-- Default suite -->
</testng-results>
